# JRE version: Java(TM) SE Runtime Environment (7.0_79-b15) (build 1.7.0_79-b15)
# Java VM: Java HotSpot(TM) 64-Bit Server VM (24.79-b02 mixed mode windows-amd64 compressed oops)
Heap
 PSYoungGen      total 451072K, used 39163K [0x00000007d5500000, 0x0000000800000000, 0x0000000800000000)
  eden space 413184K, 9% used [0x00000007d5500000,0x00000007d7b3ec60,0x00000007ee880000)
  from space 37888K, 0% used [0x00000007ee880000,0x00000007ee880000,0x00000007f0d80000)
  to   space 37888K, 0% used [0x00000007fdb00000,0x00000007fdb00000,0x0000000800000000)
 ParOldGen       total 139264K, used 68091K [0x0000000780000000, 0x0000000788800000, 0x00000007d5500000)
  object space 139264K, 48% used [0x0000000780000000,0x000000078427efa0,0x0000000788800000)
 PSPermGen       total 83456K, used 41615K [0x000000077ae00000, 0x000000077ff80000, 0x0000000780000000)
  object space 83456K, 49% used [0x000000077ae00000,0x000000077d6a3ec8,0x000000077ff80000)
GC Heap History (10 events):
Event: 18.000 GC heap before
{Heap before GC invocations=8 (full 0):
 PSYoungGen      total 152576K, used 149959K [0x00000007d5500000, 0x00000007e8200000, 0x0000000800000000)
  eden space 134656K, 100% used [0x00000007d5500000,0x00000007dd880000,0x00000007dd880000)
  from space 17920K, 85% used [0x00000007dd880000,0x00000007de771de0,0x00000007dea00000)
  to   space 19456K, 0% used [0x00000007e6f00000,0x00000007e6f00000,0x00000007e8200000)
 ParOldGen       total 87040K, used 21931K [0x0000000780000000, 0x0000000785500000, 0x00000007d5500000)
  object space 87040K, 25% used [0x0000000780000000,0x000000078156af48,0x0000000785500000)
 PSPermGen       total 40448K, used 40237K [0x000000077ae00000, 0x000000077d580000, 0x0000000780000000)
  object space 40448K, 99% used [0x000000077ae00000,0x000000077d54b778,0x000000077d580000)
Event: 18.047 GC heap after
Heap after GC invocations=8 (full 0):
 PSYoungGen      total 279040K, used 19434K [0x00000007d5500000, 0x00000007e9500000, 0x0000000800000000)
  eden space 259584K, 0% used [0x00000007d5500000,0x00000007d5500000,0x00000007e5280000)
  from space 19456K, 99% used [0x00000007e6f00000,0x00000007e81fa970,0x00000007e8200000)
  to   space 29184K, 0% used [0x00000007e5280000,0x00000007e5280000,0x00000007e6f00000)
 ParOldGen       total 87040K, used 37088K [0x0000000780000000, 0x0000000785500000, 0x00000007d5500000)
  object space 87040K, 42% used [0x0000000780000000,0x0000000782438218,0x0000000785500000)
 PSPermGen       total 40448K, used 40237K [0x000000077ae00000, 0x000000077d580000, 0x0000000780000000)
  object space 40448K, 99% used [0x000000077ae00000,0x000000077d54b778,0x000000077d580000)
}
Event: 28.608 GC heap before
{Heap before GC invocations=9 (full 0):
 PSYoungGen      total 279040K, used 279018K [0x00000007d5500000, 0x00000007e9500000, 0x0000000800000000)
  eden space 259584K, 100% used [0x00000007d5500000,0x00000007e5280000,0x00000007e5280000)
  from space 19456K, 99% used [0x00000007e6f00000,0x00000007e81fa970,0x00000007e8200000)
  to   space 29184K, 0% used [0x00000007e5280000,0x00000007e5280000,0x00000007e6f00000)
 ParOldGen       total 87040K, used 37089K [0x0000000780000000, 0x0000000785500000, 0x00000007d5500000)
  object space 87040K, 42% used [0x0000000780000000,0x00000007824387a0,0x0000000785500000)
 PSPermGen       total 41984K, used 41611K [0x000000077ae00000, 0x000000077d700000, 0x0000000780000000)
  object space 41984K, 99% used [0x000000077ae00000,0x000000077d6a2de8,0x000000077d700000)
Event: 28.640 GC heap after
Heap after GC invocations=9 (full 0):
 PSYoungGen      total 288768K, used 29176K [0x00000007d5500000, 0x00000007f3000000, 0x0000000800000000)
  eden space 259584K, 0% used [0x00000007d5500000,0x00000007d5500000,0x00000007e5280000)
  from space 29184K, 99% used [0x00000007e5280000,0x00000007e6efe2d0,0x00000007e6f00000)
  to   space 35328K, 0% used [0x00000007f0d80000,0x00000007f0d80000,0x00000007f3000000)
 ParOldGen       total 87040K, used 40582K [0x0000000780000000, 0x0000000785500000, 0x00000007d5500000)
  object space 87040K, 46% used [0x0000000780000000,0x00000007827a1bd8,0x0000000785500000)
 PSPermGen       total 41984K, used 41611K [0x000000077ae00000, 0x000000077d700000, 0x0000000780000000)
  object space 41984K, 99% used [0x000000077ae00000,0x000000077d6a2de8,0x000000077d700000)
}
Event: 29.856 GC heap before
{Heap before GC invocations=10 (full 0):
 PSYoungGen      total 288768K, used 288760K [0x00000007d5500000, 0x00000007f3000000, 0x0000000800000000)
  eden space 259584K, 100% used [0x00000007d5500000,0x00000007e5280000,0x00000007e5280000)
  from space 29184K, 99% used [0x00000007e5280000,0x00000007e6efe2d0,0x00000007e6f00000)
  to   space 35328K, 0% used [0x00000007f0d80000,0x00000007f0d80000,0x00000007f3000000)
 ParOldGen       total 87040K, used 40582K [0x0000000780000000, 0x0000000785500000, 0x00000007d5500000)
  object space 87040K, 46% used [0x0000000780000000,0x00000007827a1bd8,0x0000000785500000)
 PSPermGen       total 41984K, used 41617K [0x000000077ae00000, 0x000000077d700000, 0x0000000780000000)
  object space 41984K, 99% used [0x000000077ae00000,0x000000077d6a4608,0x000000077d700000)
Event: 29.883 GC heap after
Heap after GC invocations=10 (full 0):
 PSYoungGen      total 448512K, used 28265K [0x00000007d5500000, 0x00000007f3500000, 0x0000000800000000)
  eden space 413184K, 0% used [0x00000007d5500000,0x00000007d5500000,0x00000007ee880000)
  from space 35328K, 80% used [0x00000007f0d80000,0x00000007f291a540,0x00000007f3000000)
  to   space 37888K, 0% used [0x00000007ee880000,0x00000007ee880000,0x00000007f0d80000)
 ParOldGen       total 87040K, used 44231K [0x0000000780000000, 0x0000000785500000, 0x00000007d5500000)
  object space 87040K, 50% used [0x0000000780000000,0x0000000782b31f90,0x0000000785500000)
 PSPermGen       total 41984K, used 41617K [0x000000077ae00000, 0x000000077d700000, 0x0000000780000000)
  object space 41984K, 99% used [0x000000077ae00000,0x000000077d6a4608,0x000000077d700000)
}
Event: 34.553 GC heap before
{Heap before GC invocations=11 (full 0):
 PSYoungGen      total 448512K, used 441449K [0x00000007d5500000, 0x00000007f3500000, 0x0000000800000000)
  eden space 413184K, 100% used [0x00000007d5500000,0x00000007ee880000,0x00000007ee880000)
  from space 35328K, 80% used [0x00000007f0d80000,0x00000007f291a540,0x00000007f3000000)
  to   space 37888K, 0% used [0x00000007ee880000,0x00000007ee880000,0x00000007f0d80000)
 ParOldGen       total 87040K, used 44231K [0x0000000780000000, 0x0000000785500000, 0x00000007d5500000)
  object space 87040K, 50% used [0x0000000780000000,0x0000000782b31f90,0x0000000785500000)
 PSPermGen       total 41984K, used 41632K [0x000000077ae00000, 0x000000077d700000, 0x0000000780000000)
  object space 41984K, 99% used [0x000000077ae00000,0x000000077d6a8280,0x000000077d700000)
Event: 34.590 GC heap after
Heap after GC invocations=11 (full 0):
 PSYoungGen      total 451072K, used 6069K [0x00000007d5500000, 0x0000000800000000, 0x0000000800000000)
  eden space 413184K, 0% used [0x00000007d5500000,0x00000007d5500000,0x00000007ee880000)
  from space 37888K, 16% used [0x00000007ee880000,0x00000007eee6d660,0x00000007f0d80000)
  to   space 37888K, 0% used [0x00000007fdb00000,0x00000007fdb00000,0x0000000800000000)
 ParOldGen       total 87040K, used 69334K [0x0000000780000000, 0x0000000785500000, 0x00000007d5500000)
  object space 87040K, 79% used [0x0000000780000000,0x00000007843b5a10,0x0000000785500000)
 PSPermGen       total 41984K, used 41632K [0x000000077ae00000, 0x000000077d700000, 0x0000000780000000)
  object space 41984K, 99% used [0x000000077ae00000,0x000000077d6a8280,0x000000077d700000)
}
Event: 34.590 GC heap before
{Heap before GC invocations=12 (full 1):
 PSYoungGen      total 451072K, used 6069K [0x00000007d5500000, 0x0000000800000000, 0x0000000800000000)
  eden space 413184K, 0% used [0x00000007d5500000,0x00000007d5500000,0x00000007ee880000)
  from space 37888K, 16% used [0x00000007ee880000,0x00000007eee6d660,0x00000007f0d80000)
  to   space 37888K, 0% used [0x00000007fdb00000,0x00000007fdb00000,0x0000000800000000)
 ParOldGen       total 87040K, used 69334K [0x0000000780000000, 0x0000000785500000, 0x00000007d5500000)
  object space 87040K, 79% used [0x0000000780000000,0x00000007843b5a10,0x0000000785500000)
 PSPermGen       total 41984K, used 41632K [0x000000077ae00000, 0x000000077d700000, 0x0000000780000000)
  object space 41984K, 99% used [0x000000077ae00000,0x000000077d6a8280,0x000000077d700000)
Event: 35.087 GC heap after
Heap after GC invocations=12 (full 1):
 PSYoungGen      total 451072K, used 0K [0x00000007d5500000, 0x0000000800000000, 0x0000000800000000)
  eden space 413184K, 0% used [0x00000007d5500000,0x00000007d5500000,0x00000007ee880000)
  from space 37888K, 0% used [0x00000007ee880000,0x00000007ee880000,0x00000007f0d80000)
  to   space 37888K, 0% used [0x00000007fdb00000,0x00000007fdb00000,0x0000000800000000)
 ParOldGen       total 139264K, used 68091K [0x0000000780000000, 0x0000000788800000, 0x00000007d5500000)
  object space 139264K, 48% used [0x0000000780000000,0x000000078427efa0,0x0000000788800000)
 PSPermGen       total 83456K, used 41614K [0x000000077ae00000, 0x000000077ff80000, 0x0000000780000000)
  object space 83456K, 49% used [0x000000077ae00000,0x000000077d6a3958,0x000000077ff80000)
}

